<?xml version="1.0" encoding="UTF-8"?>
<testsuite xmlns:xsi="http://www.w3.org/2001/XMLSchema-instance" xsi:noNamespaceSchemaLocation="https://maven.apache.org/surefire/maven-surefire-plugin/xsd/surefire-test-report.xsd" version="3.0.2" name="com.smartclinic.scms.ScmsApplicationTests" time="19.511" tests="1" errors="0" skipped="0" failures="0" flakes="0">
  <properties>
[...]
</properties>
  <testcase name="contextLoads" classname="com.smartclinic.scms.ScmsApplicationTests" time="0.698">
    <system-out><![CDATA[15:34:01.210 [main] INFO org.springframework.test.context.support.AnnotationConfigContextLoaderUtils -- Could not detect default configuration classes for test class [com.smartclinic.scms.ScmsApplicationTests]: ScmsApplicationTests does not declare any static, non-private, non-final, nested classes annotated with @Configuration.
15:34:01.437 [main] INFO org.springframework.boot.test.context.SpringBootTestContextBootstrapper -- Found @SpringBootConfiguration com.smartclinic.scms.ScmsApplication for test class com.smartclinic.scms.ScmsApplicationTests
15:34:01.621 [main] INFO org.springframework.test.context.support.AnnotationConfigContextLoaderUtils -- Could not detect default configuration classes for test class [com.smartclinic.scms.ScmsApplicationTests]: ScmsApplicationTests does not declare any static, non-private, non-final, nested classes annotated with @Configuration.
15:34:01.623 [main] INFO org.springframework.boot.test.context.SpringBootTestContextBootstrapper -- Found @SpringBootConfiguration com.smartclinic.scms.ScmsApplication for test class com.smartclinic.scms.ScmsApplicationTests

  .   ____          _            __ _ _
 /\\ / ___'_ __ _ _(_)_ __  __ _ \ \ \ \
( ( )\___ | '_ | '_| | '_ \/ _` | \ \ \ \
 \\/  ___)| |_)| | | | | || (_| |  ) ) ) )
  '  |____| .__|_| |_|_| |_\__, | / / / /
 =========|_|==============|___/=/_/_/_/

 :: Spring Boot ::                (v4.0.6)

2026-05-08T15:34:02.316+03:00  INFO 18108 --- [scms] [           main] c.smartclinic.scms.ScmsApplicationTests  : Starting ScmsApplicationTests using Java 23 with PID 18108 (started by A in C:\Users\A\Downloads\smart clinic managment system\smart clinic managment system\scms\scms)
2026-05-08T15:34:02.319+03:00  INFO 18108 --- [scms] [           main] c.smartclinic.scms.ScmsApplicationTests  : No active profile set, falling back to 1 default profile: "default"
2026-05-08T15:34:04.291+03:00  INFO 18108 --- [scms] [           main] .s.d.r.c.RepositoryConfigurationDelegate : Bootstrapping Spring Data JPA repositories in DEFAULT mode.
2026-05-08T15:34:04.448+03:00  INFO 18108 --- [scms] [           main] .s.d.r.c.RepositoryConfigurationDelegate : Finished Spring Data repository scanning in 137 ms. Found 9 JPA repository interfaces.
2026-05-08T15:34:05.315+03:00  INFO 18108 --- [scms] [           main] org.hibernate.orm.jpa                    : HHH008540: Processing PersistenceUnitInfo [name: default]
2026-05-08T15:34:05.458+03:00  INFO 18108 --- [scms] [           main] org.hibernate.orm.core                   : HHH000001: Hibernate ORM core version 7.2.12.Final
2026-05-08T15:34:06.680+03:00  INFO 18108 --- [scms] [           main] o.s.o.j.p.SpringPersistenceUnitInfo      : No LoadTimeWeaver setup: ignoring JPA class transformer
2026-05-08T15:34:06.739+03:00  INFO 18108 --- [scms] [           main] com.zaxxer.hikari.HikariDataSource       : HikariPool-1 - Starting...
2026-05-08T15:34:07.077+03:00  INFO 18108 --- [scms] [           main] com.zaxxer.hikari.pool.HikariPool        : HikariPool-1 - Added connection com.mysql.cj.jdbc.ConnectionImpl@178c6261
2026-05-08T15:34:07.080+03:00  INFO 18108 --- [scms] [           main] com.zaxxer.hikari.HikariDataSource       : HikariPool-1 - Start completed.
2026-05-08T15:34:07.257+03:00  INFO 18108 --- [scms] [           main] org.hibernate.orm.connections.pooling    : HHH10001005: Database info:
	Database JDBC URL [jdbc:mysql://localhost:3307/smart_clinic_db?createDatabaseIfNotExist=true&useSSL=false&allowPublicKeyRetrieval=true]
	Database driver: MySQL Connector/J
	Database dialect: MySQLDialect
	Database version: 9.6
	Default catalog/schema: smart_clinic_db/undefined
	Autocommit mode: undefined/unknown
	Isolation level: REPEATABLE_READ [default REPEATABLE_READ]
	JDBC fetch size: none
	Pool: DataSourceConnectionProvider
	Minimum pool size: undefined/unknown
	Maximum pool size: undefined/unknown
2026-05-08T15:34:09.383+03:00  INFO 18108 --- [scms] [           main] org.hibernate.orm.core                   : HHH000489: No JTA platform available (set 'hibernate.transaction.jta.platform' to enable JTA platform integration)
Hibernate: 
    alter table appointments 
       drop 
       foreign key FKmujeo4tymoo98cmf7uj3vsv76
Hibernate: 
    alter table appointments 
       drop 
       foreign key FK8exap5wmg8kmb1g1rx3by21yt
Hibernate: 
    alter table doctor_schedules 
       drop 
       foreign key FKqptts4sun4tpv6elafrnrfeup
Hibernate: 
    alter table doctors 
       drop 
       foreign key FKej53dw52rhcorh64enh2h4jmq
Hibernate: 
    alter table doctors 
       drop 
       foreign key FKj9htr7qxv0tmftfjftwpyv41l
Hibernate: 
    alter table doctors 
       drop 
       foreign key FKgisys6qm9qflq8w4npdhxafne
Hibernate: 
    alter table invoices 
       drop 
       foreign key FKngg5bc8atao2b9jehl9l8tdsw
Hibernate: 
    alter table patients 
       drop 
       foreign key FKn8xphvlp05nd3ydg0p1rbdaom
Hibernate: 
    alter table prescriptions 
       drop 
       foreign key FKe2fpvlkkcgcd40k4ufyyju2al
Hibernate: 
    alter table prescriptions 
       drop 
       foreign key FK24chc88e4so7cd6melh11rv6
Hibernate: 
    alter table prescriptions 
       drop 
       foreign key FKqydyol76jn1o37k1bdbkjgq74
Hibernate: 
    alter table user_profiles 
       drop 
       foreign key FKjcad5nfve11khsnpwj1mv8frj
Hibernate: 
    drop table if exists appointments
Hibernate: 
    drop table if exists clinic
Hibernate: 
    drop table if exists doctor_schedules
Hibernate: 
    drop table if exists doctors
Hibernate: 
    drop table if exists invoices
Hibernate: 
    drop table if exists patients
Hibernate: 
    drop table if exists prescriptions
Hibernate: 
    drop table if exists user_profiles
Hibernate: 
    drop table if exists users
Hibernate: 
    create table appointments (
        is_priority bit,
        appointment_date datetime(6) not null,
        doctor_id bigint not null,
        id bigint not null auto_increment,
        patient_id bigint not null,
        cancellation_reason varchar(255),
        chief_complaint TEXT,
        visit_notes TEXT,
        appointment_type enum ('EXAMINATION','FOLLOW_UP') not null,
        cancelled_by enum ('DOCTOR','PATIENT','RECEPTIONIST','SYSTEM'),
        status enum ('Arrived','Cancelled','Completed','Confirmed','In_consultation','Pending'),
        primary key (id)
    ) engine=InnoDB
Hibernate: 
    create table clinic (
        id bigint not null auto_increment,
        address varchar(255),
        name varchar(255) not null,
        phone_number varchar(255),
        primary key (id)
    ) engine=InnoDB
Hibernate: 
    create table doctor_schedules (
        doctor_id bigint,
        id bigint not null auto_increment,
        day_of_week varchar(255),
        end_time varchar(255),
        start_time varchar(255),
        primary key (id)
    ) engine=InnoDB
Hibernate: 
    create table doctors (
        consultation_duration integer,
        assistant_id bigint,
        clinic_id bigint,
        id bigint not null,
        specialization varchar(255),
        specialty varchar(255),
        primary key (id)
    ) engine=InnoDB
Hibernate: 
    create table invoices (
        amount float(53),
        appointment_id bigint,
        created_at datetime(6),
        id bigint not null auto_increment,
        payment_status varchar(255),
        primary key (id)
    ) engine=InnoDB
Hibernate: 
    create table patients (
        id bigint not null,
        blood_type varchar(255),
        emergency_contact varchar(255),
        medical_history varchar(255),
        primary key (id)
    ) engine=InnoDB
Hibernate: 
    create table prescriptions (
        appointment_id bigint,
        doctor_id bigint,
        id bigint not null auto_increment,
        issued_at datetime(6),
        patient_id bigint,
        diagnosis TEXT,
        medicines TEXT,
        primary key (id)
    ) engine=InnoDB
Hibernate: 
    create table user_profiles (
        birth_date date,
        user_id bigint not null,
        address varchar(255),
        full_name varchar(255),
        gender varchar(255),
        phone_number varchar(255),
        primary key (user_id)
    ) engine=InnoDB
Hibernate: 
    create table users (
        is_active bit,
        needs_password_reset bit,
        id bigint not null auto_increment,
        reset_code_expires_at datetime(6),
        email varchar(255) not null,
        name varchar(255) not null,
        password varchar(255) not null,
        phone_number varchar(255) not null,
        reset_code varchar(255),
        role enum ('ADMIN','DOCTOR','PATIENT','RECEPTIONIST'),
        primary key (id)
    ) engine=InnoDB
Hibernate: 
    alter table doctors 
       add constraint UKn7r3lk3melvrvf8ljoa1dhtf7 unique (assistant_id)
Hibernate: 
    alter table invoices 
       add constraint UKr1gsksmeq3yb5fipnxl93yqqv unique (appointment_id)
Hibernate: 
    alter table prescriptions 
       add constraint UKr0yn695qg51gn0iskc8p0h2ii unique (appointment_id)
Hibernate: 
    alter table users 
       add constraint UK6dotkott2kjsp8vw4d0m25fb7 unique (email)
Hibernate: 
    alter table appointments 
       add constraint FKmujeo4tymoo98cmf7uj3vsv76 
       foreign key (doctor_id) 
       references doctors (id)
Hibernate: 
    alter table appointments 
       add constraint FK8exap5wmg8kmb1g1rx3by21yt 
       foreign key (patient_id) 
       references patients (id)
Hibernate: 
    alter table doctor_schedules 
       add constraint FKqptts4sun4tpv6elafrnrfeup 
       foreign key (doctor_id) 
       references doctors (id)
Hibernate: 
    alter table doctors 
       add constraint FKej53dw52rhcorh64enh2h4jmq 
       foreign key (assistant_id) 
       references users (id)
Hibernate: 
    alter table doctors 
       add constraint FKj9htr7qxv0tmftfjftwpyv41l 
       foreign key (clinic_id) 
       references clinic (id)
Hibernate: 
    alter table doctors 
       add constraint FKgisys6qm9qflq8w4npdhxafne 
       foreign key (id) 
       references users (id)
Hibernate: 
    alter table invoices 
       add constraint FKngg5bc8atao2b9jehl9l8tdsw 
       foreign key (appointment_id) 
       references appointments (id)
Hibernate: 
    alter table patients 
       add constraint FKn8xphvlp05nd3ydg0p1rbdaom 
       foreign key (id) 
       references users (id)
Hibernate: 
    alter table prescriptions 
       add constraint FKe2fpvlkkcgcd40k4ufyyju2al 
       foreign key (appointment_id) 
       references appointments (id)
Hibernate: 
    alter table prescriptions 
       add constraint FK24chc88e4so7cd6melh11rv6 
       foreign key (doctor_id) 
       references doctors (id)
Hibernate: 
    alter table prescriptions 
       add constraint FKqydyol76jn1o37k1bdbkjgq74 
       foreign key (patient_id) 
       references patients (id)
Hibernate: 
    alter table user_profiles 
       add constraint FKjcad5nfve11khsnpwj1mv8frj 
       foreign key (user_id) 
       references users (id)
2026-05-08T15:34:14.868+03:00  INFO 18108 --- [scms] [           main] j.LocalContainerEntityManagerFactoryBean : Initialized JPA EntityManagerFactory for persistence unit 'default'
2026-05-08T15:34:15.055+03:00  INFO 18108 --- [scms] [           main] o.s.d.j.r.query.QueryEnhancerFactories   : Hibernate is in classpath; If applicable, HQL parser will be used.
2026-05-08T15:34:16.984+03:00  INFO 18108 --- [scms] [           main] eAuthenticationProviderManagerConfigurer : Global AuthenticationManager configured with AuthenticationProvider bean with name authenticationProvider
2026-05-08T15:34:16.985+03:00  WARN 18108 --- [scms] [           main] r$InitializeUserDetailsManagerConfigurer : Global AuthenticationManager configured with an AuthenticationProvider bean. UserDetailsService beans will not be used by Spring Security for automatically configuring username/password login. Consider removing the AuthenticationProvider bean. Alternatively, consider using the UserDetailsService in a manually instantiated DaoAuthenticationProvider. If the current configuration is intentional, to turn off this warning, increase the logging level of 'org.springframework.security.config.annotation.authentication.configuration.InitializeUserDetailsBeanManagerConfigurer' to ERROR
2026-05-08T15:34:17.279+03:00  WARN 18108 --- [scms] [           main] JpaBaseConfiguration$JpaWebConfiguration : spring.jpa.open-in-view is enabled by default. Therefore, database queries may be performed during view rendering. Explicitly configure spring.jpa.open-in-view to disable this warning
2026-05-08T15:34:18.896+03:00  INFO 18108 --- [scms] [           main] c.smartclinic.scms.ScmsApplicationTests  : Started ScmsApplicationTests in 17.149 seconds (process running for 19.555)
Hibernate: 
    select
        u1_0.id,
        case 
            when u1_1.id is not null 
                then 1 
            when u1_2.id is not null 
                then 2 
            when u1_0.id is not null 
                then 0 
        end,
        u1_0.email,
        u1_0.is_active,
        u1_0.name,
        u1_0.needs_password_reset,
        u1_0.password,
        u1_0.phone_number,
        u1_0.reset_code,
        u1_0.reset_code_expires_at,
        u1_0.role,
        u1_1.assistant_id,
        u1_1.clinic_id,
        u1_1.consultation_duration,
        u1_1.specialization,
        u1_1.specialty,
        u1_2.blood_type,
        u1_2.emergency_contact,
        u1_2.medical_history 
    from
        users u1_0 
    left join
        doctors u1_1 
            on u1_0.id=u1_1.id 
    left join
        patients u1_2 
            on u1_0.id=u1_2.id 
    where
        u1_0.role=?
Hibernate: 
    insert 
    into
        users
        (email, is_active, name, needs_password_reset, password, phone_number, reset_code, reset_code_expires_at, role) 
    values
        (?, ?, ?, ?, ?, ?, ?, ?, ?)
✅ Root Admin Created: admin@smartclinic.com / admin123
]]></system-out>
    <system-err><![CDATA[Mockito is currently self-attaching to enable the inline-mock-maker. This will no longer work in future releases of the JDK. Please add Mockito as an agent to your build as described in Mockito's documentation: https://javadoc.io/doc/org.mockito/mockito-core/latest/org.mockito/org/mockito/Mockito.html#0.3
WARNING: A Java agent has been loaded dynamically (C:\Users\A\.m2\repository\net\bytebuddy\byte-buddy-agent\1.17.8\byte-buddy-agent-1.17.8.jar)
WARNING: If a serviceability tool is in use, please run with -XX:+EnableDynamicAgentLoading to hide this warning
WARNING: If a serviceability tool is not in use, please run with -Djdk.instrument.traceUsage for more information
WARNING: Dynamic loading of agents will be disallowed by default in a future release
]]></system-err>
  </testcase>
</testsuite>